Arguments: 
  C:\Program Files (x86)\nodejs\node.exe C:\Program Files (x86)\Yarn\bin\yarn.js add graphql-yoga

PATH: 
  C:\ProgramData\DockerDesktop\version-bin;C:\Program Files\Docker\Docker\Resources\bin;C:\DPOS8\bin;C:\Program Files (x86)\Microsoft SDKs\Azure\CLI2\wbin;C:\Program Files\Microsoft MPI\Bin\;C:\Program Files (x86)\Common Files\Oracle\Java\javapath;C:\WINDOWS\system32;C:\WINDOWS;C:\WINDOWS\System32\Wbem;C:\WINDOWS\System32\WindowsPowerShell\v1.0\;C:\WINDOWS\System32\OpenSSH\;C:\Program Files\Microsoft SQL Server\130\Tools\Binn\;C:\Program Files\dotnet\;C:\Program Files (x86)\Microsoft SQL Server\130\Tools\Binn\;C:\Program Files (x86)\Microsoft SQL Server\130\DTS\Binn\;C:\Program Files\Microsoft SQL Server\130\DTS\Binn\;C:\Program Files\Microsoft SQL Server\Client SDK\ODBC\130\Tools\Binn\;C:\Program Files (x86)\Microsoft SQL Server\Client SDK\ODBC\130\Tools\Binn\;C:\Program Files (x86)\Microsoft SQL Server\140\Tools\Binn\;C:\Program Files (x86)\Microsoft SQL Server\140\DTS\Binn\;C:\Program Files (x86)\Microsoft SQL Server\140\Tools\Binn\ManagementStudio\;C:\ProgramData\chocolatey\bin;C:\Program Files\Microsoft\Web Platform Installer\;C:\Program Files\Git\cmd;C:\Program Files (x86)\nodejs\;C:\Program Files (x86)\Yarn\bin\;C:\Users\paulo.foroni\AppData\Local\Microsoft\WindowsApps;C:\Users\paulo.foroni\AppData\Local\Programs\Microsoft VS Code\bin;C:\Nuget;C:\Users\paulo.foroni\.dotnet\tools;C:\Program Files\MongoDB\Server\4.0\bin;C:\Users\paulo.foroni\AppData\Roaming\npm;C:\Python27;C:\Users\paulo.foroni\AppData\Local\Yarn\bin

Yarn version: 
  1.16.0

Node version: 
  8.13.0

Platform: 
  win32 ia32

Trace: 
  Error: getaddrinfo EAI_AGAIN registry.yarnpkg.com:443
      at GetAddrInfoReqWrap.onlookup [as oncomplete] (dns.js:67:26)

npm manifest: 
  {
    "name": "hackernews-code",
    "version": "1.0.0",
    "main": "index.js",
    "license": "MIT",
    "referencia-site": "https://www.howtographql.com/graphql-js/1-getting-started/"
  }

yarn manifest: 
  No manifest

Lockfile: 
  No lockfile
